-- canu 2.2
--
-- CITATIONS
--
-- For 'standard' assemblies of PacBio or Nanopore reads:
--   Koren S, Walenz BP, Berlin K, Miller JR, Phillippy AM.
--   Canu: scalable and accurate long-read assembly via adaptive k-mer weighting and repeat separation.
--   Genome Res. 2017 May;27(5):722-736.
--   http://doi.org/10.1101/gr.215087.116
-- 
-- Read and contig alignments during correction and consensus use:
--   Šošic M, Šikic M.
--   Edlib: a C/C ++ library for fast, exact sequence alignment using edit distance.
--   Bioinformatics. 2017 May 1;33(9):1394-1395.
--   http://doi.org/10.1093/bioinformatics/btw753
-- 
-- Overlaps are generated using:
--   Berlin K, et al.
--   Assembling large genomes with single-molecule sequencing and locality-sensitive hashing.
--   Nat Biotechnol. 2015 Jun;33(6):623-30.
--   http://doi.org/10.1038/nbt.3238
-- 
--   Myers EW, et al.
--   A Whole-Genome Assembly of Drosophila.
--   Science. 2000 Mar 24;287(5461):2196-204.
--   http://doi.org/10.1126/science.287.5461.2196
-- 
-- Corrected read consensus sequences are generated using an algorithm derived from FALCON-sense:
--   Chin CS, et al.
--   Phased diploid genome assembly with single-molecule real-time sequencing.
--   Nat Methods. 2016 Dec;13(12):1050-1054.
--   http://doi.org/10.1038/nmeth.4035
-- 
-- Contig consensus sequences are generated using an algorithm derived from pbdagcon:
--   Chin CS, et al.
--   Nonhybrid, finished microbial genome assemblies from long-read SMRT sequencing data.
--   Nat Methods. 2013 Jun;10(6):563-9
--   http://doi.org/10.1038/nmeth.2474
-- 
-- CONFIGURE CANU
--
-- Detected Java(TM) Runtime Environment '11.0.13' (from '/Users/student/miniconda/bin/java') without -d64 support.
-- Detected gnuplot version '5.4 patchlevel 1   ' (from 'gnuplot') and image format 'png'.
--
-- Detected 8 CPUs and 16 gigabytes of memory on the local machine.
--
-- Local machine mode enabled; grid support not detected or not allowed.
--
--                                (tag)Concurrency
--                         (tag)Threads          |
--                (tag)Memory         |          |
--        (tag)             |         |          |       total usage      algorithm
--        -------  ----------  --------   --------  --------------------  -----------------------------
-- Local: meryl      8.000 GB    4 CPUs x   2 jobs    16.000 GB   8 CPUs  (k-mer counting)
-- Local: hap        8.000 GB    4 CPUs x   2 jobs    16.000 GB   8 CPUs  (read-to-haplotype assignment)
-- Local: cormhap    6.000 GB    8 CPUs x   1 job      6.000 GB   8 CPUs  (overlap detection with mhap)
-- Local: obtovl     4.000 GB    8 CPUs x   1 job      4.000 GB   8 CPUs  (overlap detection)
-- Local: utgovl     4.000 GB    8 CPUs x   1 job      4.000 GB   8 CPUs  (overlap detection)
-- Local: cor        -.--- GB    4 CPUs x   - jobs     -.--- GB   - CPUs  (read correction)
-- Local: ovb        4.000 GB    1 CPU  x   4 jobs    16.000 GB   4 CPUs  (overlap store bucketizer)
-- Local: ovs        8.000 GB    1 CPU  x   2 jobs    16.000 GB   2 CPUs  (overlap store sorting)
-- Local: red        8.000 GB    4 CPUs x   2 jobs    16.000 GB   8 CPUs  (read error detection)
-- Local: oea        8.000 GB    1 CPU  x   2 jobs    16.000 GB   2 CPUs  (overlap error adjustment)
-- Local: bat       16.000 GB    4 CPUs x   1 job     16.000 GB   4 CPUs  (contig construction with bogart)
-- Local: cns        -.--- GB    4 CPUs x   - jobs     -.--- GB   - CPUs  (consensus)
--
-- Found untrimmed raw PacBio CLR reads in the input files.
--
-- Generating assembly 'ecoli-10X' in '/Users/student/pfb2022_problemsets/GenomeAssembly/ecoli-pacbio-10X':
--   genomeSize:
--     4800000
--
--   Overlap Generation Limits:
--     corOvlErrorRate 0.2400 ( 24.00%)
--     obtOvlErrorRate 0.0450 (  4.50%)
--     utgOvlErrorRate 0.0450 (  4.50%)
--
--   Overlap Processing Limits:
--     corErrorRate    0.2500 ( 25.00%)
--     obtErrorRate    0.0450 (  4.50%)
--     utgErrorRate    0.0450 (  4.50%)
--     cnsErrorRate    0.0750 (  7.50%)
--
--   Stages to run:
--     correct raw reads.
--     trim corrected reads.
--     assemble corrected and trimmed reads.
--
--
-- BEGIN CORRECTION
----------------------------------------
-- Starting command on Mon Oct 17 17:29:13 2022 with 860.563 GB free disk space

    cd .
    ./ecoli-10X.seqStore.sh \
    > ./ecoli-10X.seqStore.err 2>&1

-- Finished on Mon Oct 17 17:29:14 2022 (one second) with 860.55 GB free disk space
----------------------------------------
--
-- In sequence store './ecoli-10X.seqStore':
--   Found 5018 reads.
--   Found 46148200 bases (9.61 times coverage).
--    Histogram of raw reads:
--    
--    G=46148200                         sum of  ||               length     num
--    NG         length     index       lengths  ||                range    seqs
--    ----- ------------ --------- ------------  ||  ------------------- -------
--    00010        23681       164      4615036  ||       1001-1826          482|---------------------------------------------------------------
--    00020        20588       375      9234728  ||       1827-2652          443|----------------------------------------------------------
--    00030        18298       612     13860983  ||       2653-3478          405|-----------------------------------------------------
--    00040        16235       880     18474405  ||       3479-4304          328|-------------------------------------------
--    00050        14084      1184     23075833  ||       4305-5130          266|-----------------------------------
--    00060        11967      1539     27695629  ||       5131-5956          199|---------------------------
--    00070         9771      1963     32308393  ||       5957-6782          195|--------------------------
--    00080         7588      2498     36922143  ||       6783-7608          204|---------------------------
--    00090         4620      3263     41537819  ||       7609-8434          232|-------------------------------
--    00100         1001      5017     46148200  ||       8435-9260          188|-------------------------
--    001.000x                5018     46148200  ||       9261-10086         173|-----------------------
--                                               ||      10087-10912         158|---------------------
--                                               ||      10913-11738         162|----------------------
--                                               ||      11739-12564         142|-------------------
--                                               ||      12565-13390         146|--------------------
--                                               ||      13391-14216         126|-----------------
--                                               ||      14217-15042         126|-----------------
--                                               ||      15043-15868         112|---------------
--                                               ||      15869-16694         118|----------------
--                                               ||      16695-17520         107|--------------
--                                               ||      17521-18346          98|-------------
--                                               ||      18347-19172          75|----------
--                                               ||      19173-19998          85|------------
--                                               ||      19999-20824         101|--------------
--                                               ||      20825-21650          62|---------
--                                               ||      21651-22476          63|---------
--                                               ||      22477-23302          42|------
--                                               ||      23303-24128          32|-----
--                                               ||      24129-24954          25|----
--                                               ||      24955-25780          17|---
--                                               ||      25781-26606          21|---
--                                               ||      26607-27432          15|--
--                                               ||      27433-28258           9|--
--                                               ||      28259-29084          14|--
--                                               ||      29085-29910           5|-
--                                               ||      29911-30736           9|--
--                                               ||      30737-31562           4|-
--                                               ||      31563-32388           4|-
--                                               ||      32389-33214           5|-
--                                               ||      33215-34040           4|-
--                                               ||      34041-34866           4|-
--                                               ||      34867-35692           0|
--                                               ||      35693-36518           6|-
--                                               ||      36519-37344           0|
--                                               ||      37345-38170           3|-
--                                               ||      38171-38996           0|
--                                               ||      38997-39822           0|
--                                               ||      39823-40648           1|-
--                                               ||      40649-41474           1|-
--                                               ||      41475-42300           1|-
--    
--
-- ERROR:  Read coverage (9.61) lower than allowed.
-- ERROR:    minInputCoverage  = 10
-- ERROR:
-- ERROR:  This could be caused by an incorrect genomeSize.
-- ERROR:
-- ERROR:  You can force Canu to continue by decreasing parameter
-- ERROR:  minInputCoverage.  Be warned that the quality of corrected
-- ERROR:  reads and/or contiguity of contigs will be poor.
--

ABORT:
ABORT: canu 2.2
ABORT: Don't panic, but a mostly harmless error occurred and Canu stopped.
ABORT: Try restarting.  If that doesn't work, ask for help.
ABORT:
