
Found perl:
   /Users/student/miniconda/bin/perl
   This is perl 5, version 26, subversion 2 (v5.26.2) built for darwin-thread-multi-2level

Found java:
   /Users/student/miniconda/bin/java
   openjdk version "11.0.13" 2021-10-19

Found canu:
   /Users/student/pfb2022_problemsets/GenomeAssembly/canu-2.2/bin/canu
   canu 2.2

Running job 2 based on command line options.

Attempting to increase maximum allowed processes and open files.
  Changed max processes per user from 2784 to 2784 (max 4176).
./scripts/2-sort.sh: line 78: [: unlimited: integer expression expected
  Max open files limited to 256, no increase possible.


Finding overlaps.
  found       3121 overlaps in './ecoli-12.5X.ovlStore.BUILDING/bucket0001/sliceSizes'.

Loading       3121 overlaps using 0.00 GB of allowed (-M) 1 GB memory.
  loading       3121 overlaps from './ecoli-12.5X.ovlStore.BUILDING/bucket0001/slice0002'.

Sorting.

Writing sorted overlaps.
  created './ecoli-12.5X.ovlStore.BUILDING/0002' with 3121 overlaps for reads 6105 to 6274.

Removing bucketized overlaps.

Success!
