
Found perl:
   /Users/student/miniconda/bin/perl
   This is perl 5, version 26, subversion 2 (v5.26.2) built for darwin-thread-multi-2level

Found java:
   /Users/student/miniconda/bin/java
   openjdk version "11.0.13" 2021-10-19

Found canu:
   /Users/student/pfb2022_problemsets/GenomeAssembly/canu-2.2/bin/canu
   canu 2.2


Creating library 'pacbio' for PacBio raw reads.

               reads               bases
---------- --------- ------ ------------ ------
Loaded         12528  95.5%    115899341  99.7%  /Users/student/pfb2022_problemsets/GenomeAssembly/pacbio.fastq
Short            596   4.5%       364443   0.3%


All reads processed.

               reads               bases
---------- --------- ------ ------------ ------
Loaded         12528  95.5%    115899341  99.7%
Short            596   4.5%       364443   0.3%


Bye.
