
Found perl:
   /Users/student/miniconda/bin/perl
   This is perl 5, version 26, subversion 2 (v5.26.2) built for darwin-thread-multi-2level

Found java:
   /Users/student/miniconda/bin/java
   openjdk version "11.0.13" 2021-10-19

Found canu:
   /Users/student/pfb2022_problemsets/GenomeAssembly/canu-2.2/bin/canu
   canu 2.2

Running job 1 based on command line options.

Found 1 command tree.

PROCESSING TREE #1 using 4 threads.
  opGreaterThan
    threshold=1
    opUnionSum
      ./ecoli-12.5X.01.meryl
    output to ecoli-12.5X.ms16.WORKING

Cleaning up.

Bye.

Found 1 command tree.

Found 1 command tree.

PROCESSING TREE #1 using 4 threads.
  opAtLeast
    threshold=60
    opAtLeast
      word-frequenct=0.000000
      ./ecoli-12.5X.ms16
    print to ./ecoli-12.5X.ms16.##.dump

Cleaning up.

Bye.

Found 1 command tree.
