
Configuring for:
  hash table:       80000000 bases.
  read stream:    1000000000 bases.


       Raw          Raw  Corrected    Corrected    Trimmed      Trimmed
     Reads        Bases      Reads        Bases      Reads        Bases
---------- ------------ ---------- ------------ ---------- ------------
       161      1534534        158      1448329        158      1448329
       322      2983018        313      2818312        313      2818312
       483      4337253        470      4109862        470      4109862
       644      5727833        625      5405272        625      5405272
       805      7206801        783      6830441        783      6830441
       966      8681187        940      8208971        940      8208971
      1127     10049260       1093      9503030       1093      9503030
      1288     11494320       1253     10887570       1253     10887570
      1449     13126344       1409     12437111       1409     12437111
      1610     14691858       1563     13931250       1563     13931250
      1771     16174672       1717     15291247       1717     15291247
      1932     17608757       1872     16640354       1872     16640354
      2093     19018678       2021     17942461       2021     17942461
      2254     20338539       2181     19198438       2181     19198438
      2415     21977277       2335     20746339       2335     20746339
      2576     23477555       2492     22140579       2492     22140579
      2737     24963275       2646     23557374       2646     23557374
      2898     26629318       2801     25149820       2801     25149820
      3059     28332507       2957     26785008       2957     26785008
      3220     29967970       3113     28315065       3113     28315065
      3381     31435815       3270     29709380       3270     29709380
      3542     32876247       3422     31081236       3422     31081236
      3703     34374621       3581     32503581       3581     32503581
      3864     35870397       3731     33910401       3731     33910401
      4025     37357445       3887     35313052       3887     35313052
      4186     38809274       4046     36693844       4046     36693844
      4347     40130518       4201     37941352       4201     37941352
      4508     41746733       4359     39482291       4359     39482291
      4669     43206972       4517     40870966       4517     40870966
      4830     44685886       4673     42275613       4673     42275613
      4991     45995499       4831     43517434       4831     43517434
      5152     47370788       4990     44833980       4990     44833980
      5313     48849248       5146     46224893       5146     46224893
      5474     50259745       5303     47571834       5303     47571834
      5635     51898851       5460     49104014       5460     49104014
      5796     53289948       5616     50409795       5616     50409795
      5957     54827520       5771     51855122       5771     51855122
      6118     56379943       5924     53302655       5924     53302655
---------- ------------ ---------- ------------ ---------- ------------
      6274     57815765       6072     54638844       6072     54638844

  Job       Hash Range        # Reads      # Bases      Stream Range        # Reads      # Bases
----- --------------------- --------- ------------  --------------------- --------- ------------
    1          1-6274            6072     54644916           1-6274            6072     54644916
