
Found perl:
   /Users/student/miniconda/bin/perl
   This is perl 5, version 26, subversion 2 (v5.26.2) built for darwin-thread-multi-2level

Found java:
   /Users/student/miniconda/bin/java
   openjdk version "11.0.13" 2021-10-19

Found canu:
   /Users/student/pfb2022_problemsets/GenomeAssembly/canu-2.2/bin/canu
   canu 2.2


Creating library 'ecoli_filtered_12.5X' for PacBio raw reads.

               reads               bases
---------- --------- ------ ------------ ------
Loaded          6274  95.6%     57815765  99.7%  /Users/student/pfb2022_problemsets/GenomeAssembly/ecoli_filtered_12.5X.fastq
Short            288   4.4%       164403   0.3%


All reads processed.

               reads               bases
---------- --------- ------ ------------ ------
Loaded          6274  95.6%     57815765  99.7%
Short            288   4.4%       164403   0.3%


Bye.
